[09-Feb-2015 06:12:07 UTC] PHP Warning:  Missing argument 1 for hitSuji\Bootstrap::nonce() in /home/yujiro/phpext/hitSuji/examples/skel/bootstrap.php on line 95
[09-Feb-2015 06:12:07 UTC] PHP Stack trace:
[09-Feb-2015 06:12:07 UTC] PHP   1. {main}() /home/yujiro/phpext/hitSuji/examples/hitsuji.php:0
[09-Feb-2015 06:12:07 UTC] PHP   2. hitSuji::makeNonce() /home/yujiro/phpext/hitSuji/examples/hitsuji.php:30
[09-Feb-2015 06:12:07 UTC] PHP   3. hitSuji\Bootstrap->nonce() /home/yujiro/phpext/hitSuji/examples/hitsuji.php:30
[09-Feb-2015 06:12:07 UTC] PHP Warning:  strtotime(): It is not safe to rely on the system's timezone settings. You are *required* to use the date.timezone setting or the date_default_timezone_set() function. In case you used any of those methods and you are still getting this warning, you most likely misspelled the timezone identifier. We selected the timezone 'UTC' for now, but please set date.timezone to select your timezone. in /home/yujiro/phpext/hitSuji/examples/skel/bootstrap.php on line 101
[09-Feb-2015 06:12:07 UTC] PHP Stack trace:
[09-Feb-2015 06:12:07 UTC] PHP   1. {main}() /home/yujiro/phpext/hitSuji/examples/hitsuji.php:0
[09-Feb-2015 06:12:07 UTC] PHP   2. hitSuji::makeNonce() /home/yujiro/phpext/hitSuji/examples/hitsuji.php:30
[09-Feb-2015 06:12:07 UTC] PHP   3. hitSuji\Bootstrap->nonce() /home/yujiro/phpext/hitSuji/examples/hitsuji.php:30
[09-Feb-2015 06:12:07 UTC] PHP   4. strtotime() /home/yujiro/phpext/hitSuji/examples/skel/bootstrap.php:101
[09-Feb-2015 06:12:07 UTC] PHP Notice:  Undefined variable: seed in /home/yujiro/phpext/hitSuji/examples/skel/bootstrap.php on line 104
[09-Feb-2015 06:12:07 UTC] PHP Stack trace:
[09-Feb-2015 06:12:07 UTC] PHP   1. {main}() /home/yujiro/phpext/hitSuji/examples/hitsuji.php:0
[09-Feb-2015 06:12:07 UTC] PHP   2. hitSuji::makeNonce() /home/yujiro/phpext/hitSuji/examples/hitsuji.php:30
[09-Feb-2015 06:12:07 UTC] PHP   3. hitSuji\Bootstrap->nonce() /home/yujiro/phpext/hitSuji/examples/hitsuji.php:30
[09-Feb-2015 15:12:51 Asia/Tokyo] PHP Warning:  Missing argument 1 for hitSuji\Bootstrap::nonce() in /home/yujiro/phpext/hitSuji/examples/skel/bootstrap.php on line 97
[09-Feb-2015 15:12:51 Asia/Tokyo] PHP Stack trace:
[09-Feb-2015 15:12:51 Asia/Tokyo] PHP   1. {main}() /home/yujiro/phpext/hitSuji/examples/hitsuji.php:0
[09-Feb-2015 15:12:51 Asia/Tokyo] PHP   2. hitSuji::makeNonce() /home/yujiro/phpext/hitSuji/examples/hitsuji.php:30
[09-Feb-2015 15:12:51 Asia/Tokyo] PHP   3. hitSuji\Bootstrap->nonce() /home/yujiro/phpext/hitSuji/examples/hitsuji.php:30
[09-Feb-2015 15:12:51 Asia/Tokyo] PHP Notice:  Undefined variable: seed in /home/yujiro/phpext/hitSuji/examples/skel/bootstrap.php on line 106
[09-Feb-2015 15:12:51 Asia/Tokyo] PHP Stack trace:
[09-Feb-2015 15:12:51 Asia/Tokyo] PHP   1. {main}() /home/yujiro/phpext/hitSuji/examples/hitsuji.php:0
[09-Feb-2015 15:12:51 Asia/Tokyo] PHP   2. hitSuji::makeNonce() /home/yujiro/phpext/hitSuji/examples/hitsuji.php:30
[09-Feb-2015 15:12:51 Asia/Tokyo] PHP   3. hitSuji\Bootstrap->nonce() /home/yujiro/phpext/hitSuji/examples/hitsuji.php:30
[09-Feb-2015 15:26:10 Asia/Tokyo] PHP Catchable fatal error:  Object of class hitSuji\Bootstrap could not be converted to string in /home/yujiro/phpext/hitSuji/examples/skel/bootstrap.php on line 106
[09-Feb-2015 15:26:10 Asia/Tokyo] PHP Stack trace:
[09-Feb-2015 15:26:10 Asia/Tokyo] PHP   1. {main}() /home/yujiro/phpext/hitSuji/examples/hitsuji.php:0
[09-Feb-2015 15:26:10 Asia/Tokyo] PHP   2. hitSuji::makeNonce() /home/yujiro/phpext/hitSuji/examples/hitsuji.php:30
[09-Feb-2015 15:26:10 Asia/Tokyo] PHP   3. hitSuji\Bootstrap->nonce() /home/yujiro/phpext/hitSuji/examples/hitsuji.php:30
[09-Feb-2015 15:29:22 Asia/Tokyo] PHP Warning:  Missing argument 1 for hitSuji\Bootstrap::nonce() in /home/yujiro/phpext/hitSuji/examples/skel/bootstrap.php on line 97
[09-Feb-2015 15:29:22 Asia/Tokyo] PHP Stack trace:
[09-Feb-2015 15:29:22 Asia/Tokyo] PHP   1. {main}() /home/yujiro/phpext/hitSuji/examples/hitsuji.php:0
[09-Feb-2015 15:29:22 Asia/Tokyo] PHP   2. hitSuji::makeNonce() /home/yujiro/phpext/hitSuji/examples/hitsuji.php:30
[09-Feb-2015 15:29:22 Asia/Tokyo] PHP   3. hitSuji\Bootstrap->nonce() /home/yujiro/phpext/hitSuji/examples/hitsuji.php:30
[09-Feb-2015 15:29:22 Asia/Tokyo] PHP Notice:  Undefined variable: seed in /home/yujiro/phpext/hitSuji/examples/skel/bootstrap.php on line 106
[09-Feb-2015 15:29:22 Asia/Tokyo] PHP Stack trace:
[09-Feb-2015 15:29:22 Asia/Tokyo] PHP   1. {main}() /home/yujiro/phpext/hitSuji/examples/hitsuji.php:0
[09-Feb-2015 15:29:22 Asia/Tokyo] PHP   2. hitSuji::makeNonce() /home/yujiro/phpext/hitSuji/examples/hitsuji.php:30
[09-Feb-2015 15:29:22 Asia/Tokyo] PHP   3. hitSuji\Bootstrap->nonce() /home/yujiro/phpext/hitSuji/examples/hitsuji.php:30
[09-Feb-2015 15:44:40 Asia/Tokyo] PHP Warning:  String is not zero-terminated (ZZZZZZZZw7é¥7é¥) (source: /tmp/php-build/source/5.6.5-debug/Zend/zend_execute.h:79) in Unknown on line 0
[09-Feb-2015 15:46:40 Asia/Tokyo] PHP Fatal error:  Allowed memory size of 134217728 bytes exhausted at /home/yujiro/phpext/hitSuji/classes/hitsuji.h:367 (tried to allocate 3143958921 bytes) in /home/yujiro/phpext/hitSuji/examples/hitsuji.php on line 30
[09-Feb-2015 15:46:40 Asia/Tokyo] PHP Stack trace:
[09-Feb-2015 15:46:40 Asia/Tokyo] PHP   1. {main}() /home/yujiro/phpext/hitSuji/examples/hitsuji.php:0
[09-Feb-2015 15:46:40 Asia/Tokyo] PHP   2. hitSuji::makeNonce() /home/yujiro/phpext/hitSuji/examples/hitsuji.php:30
[09-Feb-2015 16:25:29 Asia/Tokyo] PHP Warning:  String is not zero-terminated (ZZZZZZZZZZZZZZZZZZZZZZZZZZZZZZZZZZZZZZZZZZZZZZZZZZZZZZZZZ«Ë$Z) (source: /tmp/php-build/source/5.6.5-debug/Zend/zend_execute.h:79) in Unknown on line 0
[09-Feb-2015 16:29:50 Asia/Tokyo] PHP Warning:  String is not zero-terminated (ZZZZZZZZZZZZZZZZZZZZZZZZZZZZZZZZZZZZZZZZZZZZZZZZZZZZZZZZZÄl¥‡) (source: /tmp/php-build/source/5.6.5-debug/Zend/zend_execute.h:79) in Unknown on line 0
[09-Feb-2015 19:41:06 Asia/Tokyo] PHP Notice:  Array to string conversion in /home/yujiro/phpext/hitSuji/examples/router.php on line 32
[09-Feb-2015 19:41:06 Asia/Tokyo] PHP Stack trace:
[09-Feb-2015 19:41:06 Asia/Tokyo] PHP   1. {main}() /home/yujiro/phpext/hitSuji/examples/router.php:0
[09-Feb-2015 19:41:06 Asia/Tokyo] PHP   2. hitSuji\Router->run() /home/yujiro/phpext/hitSuji/examples/router.php:34
[09-Feb-2015 19:41:06 Asia/Tokyo] PHP   3. hitSuji\{closure}() /home/yujiro/phpext/hitSuji/examples/router.php:34
[09-Feb-2015 19:41:25 Asia/Tokyo] PHP Notice:  Array to string conversion in /home/yujiro/phpext/hitSuji/examples/router.php on line 33
[09-Feb-2015 19:41:25 Asia/Tokyo] PHP Stack trace:
[09-Feb-2015 19:41:25 Asia/Tokyo] PHP   1. {main}() /home/yujiro/phpext/hitSuji/examples/router.php:0
[09-Feb-2015 19:41:25 Asia/Tokyo] PHP   2. hitSuji\Router->run() /home/yujiro/phpext/hitSuji/examples/router.php:35
[09-Feb-2015 19:41:25 Asia/Tokyo] PHP   3. hitSuji\{closure}() /home/yujiro/phpext/hitSuji/examples/router.php:35
[09-Feb-2015 19:55:16 Asia/Tokyo] PHP Notice:  Array to string conversion in /home/yujiro/phpext/hitSuji/examples/router.php on line 33
[09-Feb-2015 19:55:16 Asia/Tokyo] PHP Stack trace:
[09-Feb-2015 19:55:16 Asia/Tokyo] PHP   1. {main}() /home/yujiro/phpext/hitSuji/examples/router.php:0
[09-Feb-2015 19:55:16 Asia/Tokyo] PHP   2. hitSuji\Router->run() /home/yujiro/phpext/hitSuji/examples/router.php:35
[09-Feb-2015 19:55:16 Asia/Tokyo] PHP   3. hitSuji\{closure}() /home/yujiro/phpext/hitSuji/examples/router.php:35
[09-Feb-2015 19:56:56 Asia/Tokyo] PHP Notice:  Array to string conversion in /home/yujiro/phpext/hitSuji/examples/router.php on line 33
[09-Feb-2015 19:56:56 Asia/Tokyo] PHP Stack trace:
[09-Feb-2015 19:56:56 Asia/Tokyo] PHP   1. {main}() /home/yujiro/phpext/hitSuji/examples/router.php:0
[09-Feb-2015 19:56:56 Asia/Tokyo] PHP   2. hitSuji\Router->run() /home/yujiro/phpext/hitSuji/examples/router.php:35
[09-Feb-2015 19:56:56 Asia/Tokyo] PHP   3. hitSuji\{closure}() /home/yujiro/phpext/hitSuji/examples/router.php:35
[09-Feb-2015 19:57:55 Asia/Tokyo] PHP Notice:  Array to string conversion in /home/yujiro/phpext/hitSuji/examples/router.php on line 33
[09-Feb-2015 19:57:55 Asia/Tokyo] PHP Stack trace:
[09-Feb-2015 19:57:55 Asia/Tokyo] PHP   1. {main}() /home/yujiro/phpext/hitSuji/examples/router.php:0
[09-Feb-2015 19:57:55 Asia/Tokyo] PHP   2. hitSuji\Router->run() /home/yujiro/phpext/hitSuji/examples/router.php:35
[09-Feb-2015 19:57:55 Asia/Tokyo] PHP   3. hitSuji\{closure}() /home/yujiro/phpext/hitSuji/examples/router.php:35
[09-Feb-2015 19:58:22 Asia/Tokyo] PHP Notice:  Array to string conversion in /home/yujiro/phpext/hitSuji/examples/router.php on line 33
[09-Feb-2015 19:58:22 Asia/Tokyo] PHP Stack trace:
[09-Feb-2015 19:58:22 Asia/Tokyo] PHP   1. {main}() /home/yujiro/phpext/hitSuji/examples/router.php:0
[09-Feb-2015 19:58:22 Asia/Tokyo] PHP   2. hitSuji\Router->run() /home/yujiro/phpext/hitSuji/examples/router.php:35
[09-Feb-2015 19:58:22 Asia/Tokyo] PHP   3. hitSuji\{closure}() /home/yujiro/phpext/hitSuji/examples/router.php:35
[09-Feb-2015 20:02:36 Asia/Tokyo] PHP Notice:  Array to string conversion in /home/yujiro/phpext/hitSuji/examples/router.php on line 33
[09-Feb-2015 20:02:36 Asia/Tokyo] PHP Stack trace:
[09-Feb-2015 20:02:36 Asia/Tokyo] PHP   1. {main}() /home/yujiro/phpext/hitSuji/examples/router.php:0
[09-Feb-2015 20:02:36 Asia/Tokyo] PHP   2. hitSuji\Router->run() /home/yujiro/phpext/hitSuji/examples/router.php:35
[09-Feb-2015 20:02:36 Asia/Tokyo] PHP   3. hitSuji\{closure}() /home/yujiro/phpext/hitSuji/examples/router.php:35
[09-Feb-2015 20:15:04 Asia/Tokyo] PHP Warning:  Missing argument 1 for hitSuji\{closure}() in /home/yujiro/phpext/hitSuji/examples/router.php on line 31
[09-Feb-2015 20:15:04 Asia/Tokyo] PHP Stack trace:
[09-Feb-2015 20:15:04 Asia/Tokyo] PHP   1. {main}() /home/yujiro/phpext/hitSuji/examples/router.php:0
[09-Feb-2015 20:15:04 Asia/Tokyo] PHP   2. hitSuji\Router->run() /home/yujiro/phpext/hitSuji/examples/router.php:35
[09-Feb-2015 20:15:04 Asia/Tokyo] PHP   3. hitSuji\{closure}() /home/yujiro/phpext/hitSuji/examples/router.php:35
[09-Feb-2015 20:15:04 Asia/Tokyo] PHP Notice:  Undefined variable: id in /home/yujiro/phpext/hitSuji/examples/router.php on line 32
[09-Feb-2015 20:15:04 Asia/Tokyo] PHP Stack trace:
[09-Feb-2015 20:15:04 Asia/Tokyo] PHP   1. {main}() /home/yujiro/phpext/hitSuji/examples/router.php:0
[09-Feb-2015 20:15:04 Asia/Tokyo] PHP   2. hitSuji\Router->run() /home/yujiro/phpext/hitSuji/examples/router.php:35
[09-Feb-2015 20:15:04 Asia/Tokyo] PHP   3. hitSuji\{closure}() /home/yujiro/phpext/hitSuji/examples/router.php:35
[09-Feb-2015 20:15:04 Asia/Tokyo] PHP Notice:  Undefined variable: id in /home/yujiro/phpext/hitSuji/examples/router.php on line 33
[09-Feb-2015 20:15:04 Asia/Tokyo] PHP Stack trace:
[09-Feb-2015 20:15:04 Asia/Tokyo] PHP   1. {main}() /home/yujiro/phpext/hitSuji/examples/router.php:0
[09-Feb-2015 20:15:04 Asia/Tokyo] PHP   2. hitSuji\Router->run() /home/yujiro/phpext/hitSuji/examples/router.php:35
[09-Feb-2015 20:15:04 Asia/Tokyo] PHP   3. hitSuji\{closure}() /home/yujiro/phpext/hitSuji/examples/router.php:35
[09-Feb-2015 20:16:49 Asia/Tokyo] PHP Warning:  Missing argument 1 for hitSuji\{closure}() in /home/yujiro/phpext/hitSuji/examples/router.php on line 31
[09-Feb-2015 20:16:49 Asia/Tokyo] PHP Stack trace:
[09-Feb-2015 20:16:49 Asia/Tokyo] PHP   1. {main}() /home/yujiro/phpext/hitSuji/examples/router.php:0
[09-Feb-2015 20:16:49 Asia/Tokyo] PHP   2. hitSuji\Router->run() /home/yujiro/phpext/hitSuji/examples/router.php:35
[09-Feb-2015 20:16:49 Asia/Tokyo] PHP   3. hitSuji\{closure}() /home/yujiro/phpext/hitSuji/examples/router.php:35
[09-Feb-2015 20:16:49 Asia/Tokyo] PHP Notice:  Undefined variable: id in /home/yujiro/phpext/hitSuji/examples/router.php on line 32
[09-Feb-2015 20:16:49 Asia/Tokyo] PHP Stack trace:
[09-Feb-2015 20:16:49 Asia/Tokyo] PHP   1. {main}() /home/yujiro/phpext/hitSuji/examples/router.php:0
[09-Feb-2015 20:16:49 Asia/Tokyo] PHP   2. hitSuji\Router->run() /home/yujiro/phpext/hitSuji/examples/router.php:35
[09-Feb-2015 20:16:49 Asia/Tokyo] PHP   3. hitSuji\{closure}() /home/yujiro/phpext/hitSuji/examples/router.php:35
[09-Feb-2015 20:16:49 Asia/Tokyo] PHP Notice:  Undefined variable: id in /home/yujiro/phpext/hitSuji/examples/router.php on line 33
[09-Feb-2015 20:16:49 Asia/Tokyo] PHP Stack trace:
[09-Feb-2015 20:16:49 Asia/Tokyo] PHP   1. {main}() /home/yujiro/phpext/hitSuji/examples/router.php:0
[09-Feb-2015 20:16:49 Asia/Tokyo] PHP   2. hitSuji\Router->run() /home/yujiro/phpext/hitSuji/examples/router.php:35
[09-Feb-2015 20:16:49 Asia/Tokyo] PHP   3. hitSuji\{closure}() /home/yujiro/phpext/hitSuji/examples/router.php:35
[09-Feb-2015 20:17:44 Asia/Tokyo] PHP Warning:  Missing argument 1 for hitSuji\{closure}() in /home/yujiro/phpext/hitSuji/examples/router.php on line 31
[09-Feb-2015 20:17:44 Asia/Tokyo] PHP Stack trace:
[09-Feb-2015 20:17:44 Asia/Tokyo] PHP   1. {main}() /home/yujiro/phpext/hitSuji/examples/router.php:0
[09-Feb-2015 20:17:44 Asia/Tokyo] PHP   2. hitSuji\Router->run() /home/yujiro/phpext/hitSuji/examples/router.php:35
[09-Feb-2015 20:17:44 Asia/Tokyo] PHP   3. hitSuji\{closure}() /home/yujiro/phpext/hitSuji/examples/router.php:35
[09-Feb-2015 20:17:44 Asia/Tokyo] PHP Notice:  Undefined variable: id in /home/yujiro/phpext/hitSuji/examples/router.php on line 32
[09-Feb-2015 20:17:44 Asia/Tokyo] PHP Stack trace:
[09-Feb-2015 20:17:44 Asia/Tokyo] PHP   1. {main}() /home/yujiro/phpext/hitSuji/examples/router.php:0
[09-Feb-2015 20:17:44 Asia/Tokyo] PHP   2. hitSuji\Router->run() /home/yujiro/phpext/hitSuji/examples/router.php:35
[09-Feb-2015 20:17:44 Asia/Tokyo] PHP   3. hitSuji\{closure}() /home/yujiro/phpext/hitSuji/examples/router.php:35
[09-Feb-2015 20:17:44 Asia/Tokyo] PHP Notice:  Undefined variable: id in /home/yujiro/phpext/hitSuji/examples/router.php on line 33
[09-Feb-2015 20:17:44 Asia/Tokyo] PHP Stack trace:
[09-Feb-2015 20:17:44 Asia/Tokyo] PHP   1. {main}() /home/yujiro/phpext/hitSuji/examples/router.php:0
[09-Feb-2015 20:17:44 Asia/Tokyo] PHP   2. hitSuji\Router->run() /home/yujiro/phpext/hitSuji/examples/router.php:35
[09-Feb-2015 20:17:44 Asia/Tokyo] PHP   3. hitSuji\{closure}() /home/yujiro/phpext/hitSuji/examples/router.php:35
[10-Feb-2015 13:09:45 Asia/Tokyo] PHP Notice:  Undefined variable: content in /home/yujiro/phpext/hitSuji/examples/skel/app/templates/layout.tpl on line 23
[10-Feb-2015 13:09:45 Asia/Tokyo] PHP Stack trace:
[10-Feb-2015 13:09:45 Asia/Tokyo] PHP   1. {main}() /home/yujiro/phpext/hitSuji/examples/view.php:0
[10-Feb-2015 13:09:45 Asia/Tokyo] PHP   2. hitSuji\View->display() /home/yujiro/phpext/hitSuji/examples/view.php:28
[10-Feb-2015 13:09:45 Asia/Tokyo] PHP   3. hitSuji\View->display() /home/yujiro/phpext/hitSuji/examples/view.php:28
[10-Feb-2015 13:09:45 Asia/Tokyo] PHP Warning:  include(): Filename cannot be empty in /home/yujiro/phpext/hitSuji/examples/skel/app/templates/layout.tpl on line 23
[10-Feb-2015 13:09:45 Asia/Tokyo] PHP Stack trace:
[10-Feb-2015 13:09:45 Asia/Tokyo] PHP   1. {main}() /home/yujiro/phpext/hitSuji/examples/view.php:0
[10-Feb-2015 13:09:45 Asia/Tokyo] PHP   2. hitSuji\View->display() /home/yujiro/phpext/hitSuji/examples/view.php:28
[10-Feb-2015 13:09:45 Asia/Tokyo] PHP   3. hitSuji\View->display() /home/yujiro/phpext/hitSuji/examples/view.php:28
[10-Feb-2015 13:09:45 Asia/Tokyo] PHP Warning:  include(): Failed opening '' for inclusion (include_path='.::/home/yujiro/.phpenv/versions/5.6.5-debug/share/pyrus/.pear/php') in /home/yujiro/phpext/hitSuji/examples/skel/app/templates/layout.tpl on line 23
[10-Feb-2015 13:09:45 Asia/Tokyo] PHP Stack trace:
[10-Feb-2015 13:09:45 Asia/Tokyo] PHP   1. {main}() /home/yujiro/phpext/hitSuji/examples/view.php:0
[10-Feb-2015 13:09:45 Asia/Tokyo] PHP   2. hitSuji\View->display() /home/yujiro/phpext/hitSuji/examples/view.php:28
[10-Feb-2015 13:09:45 Asia/Tokyo] PHP   3. hitSuji\View->display() /home/yujiro/phpext/hitSuji/examples/view.php:28
[10-Feb-2015 13:24:35 Asia/Tokyo] PHP Notice:  Undefined variable: vars in /home/yujiro/phpext/hitSuji/examples/skel/app/templates/layout.tpl on line 23
[10-Feb-2015 13:24:35 Asia/Tokyo] PHP Stack trace:
[10-Feb-2015 13:24:35 Asia/Tokyo] PHP   1. {main}() /home/yujiro/phpext/hitSuji/examples/view.php:0
[10-Feb-2015 13:24:35 Asia/Tokyo] PHP   2. hitSuji\View->display() /home/yujiro/phpext/hitSuji/examples/view.php:28
[10-Feb-2015 13:24:35 Asia/Tokyo] PHP   3. hitSuji\View->display() /home/yujiro/phpext/hitSuji/examples/view.php:28
[10-Feb-2015 13:31:40 Asia/Tokyo] PHP Notice:  Undefined variable: content in /home/yujiro/phpext/hitSuji/examples/skel/app/templates/layout.tpl on line 23
[10-Feb-2015 13:31:40 Asia/Tokyo] PHP Stack trace:
[10-Feb-2015 13:31:40 Asia/Tokyo] PHP   1. {main}() /home/yujiro/phpext/hitSuji/examples/view.php:0
[10-Feb-2015 13:31:40 Asia/Tokyo] PHP   2. hitSuji\View->display() /home/yujiro/phpext/hitSuji/examples/view.php:28
[10-Feb-2015 13:31:40 Asia/Tokyo] PHP   3. hitSuji\View->display() /home/yujiro/phpext/hitSuji/examples/view.php:28
[10-Feb-2015 13:31:40 Asia/Tokyo] PHP Warning:  include(): Filename cannot be empty in /home/yujiro/phpext/hitSuji/examples/skel/app/templates/layout.tpl on line 23
[10-Feb-2015 13:31:40 Asia/Tokyo] PHP Stack trace:
[10-Feb-2015 13:31:40 Asia/Tokyo] PHP   1. {main}() /home/yujiro/phpext/hitSuji/examples/view.php:0
[10-Feb-2015 13:31:40 Asia/Tokyo] PHP   2. hitSuji\View->display() /home/yujiro/phpext/hitSuji/examples/view.php:28
[10-Feb-2015 13:31:40 Asia/Tokyo] PHP   3. hitSuji\View->display() /home/yujiro/phpext/hitSuji/examples/view.php:28
[10-Feb-2015 13:31:40 Asia/Tokyo] PHP Warning:  include(): Failed opening '' for inclusion (include_path='.::/home/yujiro/.phpenv/versions/5.6.5-debug/share/pyrus/.pear/php') in /home/yujiro/phpext/hitSuji/examples/skel/app/templates/layout.tpl on line 23
[10-Feb-2015 13:31:40 Asia/Tokyo] PHP Stack trace:
[10-Feb-2015 13:31:40 Asia/Tokyo] PHP   1. {main}() /home/yujiro/phpext/hitSuji/examples/view.php:0
[10-Feb-2015 13:31:40 Asia/Tokyo] PHP   2. hitSuji\View->display() /home/yujiro/phpext/hitSuji/examples/view.php:28
[10-Feb-2015 13:31:40 Asia/Tokyo] PHP   3. hitSuji\View->display() /home/yujiro/phpext/hitSuji/examples/view.php:28
[10-Feb-2015 15:33:57 Asia/Tokyo] PHP Warning:  hitSuji\Request::verify() expects at least 2 parameters, 1 given in /home/yujiro/phpext/hitSuji/examples/request.php on line 26
[10-Feb-2015 15:33:57 Asia/Tokyo] PHP Stack trace:
[10-Feb-2015 15:33:57 Asia/Tokyo] PHP   1. {main}() /home/yujiro/phpext/hitSuji/examples/request.php:0
[10-Feb-2015 15:33:57 Asia/Tokyo] PHP   2. hitSuji\Request->verify() /home/yujiro/phpext/hitSuji/examples/request.php:26
[10-Feb-2015 16:36:17 Asia/Tokyo] PHP Warning:  String is not zero-terminated (ZZZZZZZZZZZZZZZZZZZZZZZZZZZZDå»ÈðÇCí) (source: /tmp/php-build/source/5.6.5-debug/Zend/zend_execute.h:79) in Unknown on line 0
[10-Feb-2015 18:48:18 Asia/Tokyo] PHP Warning:  hitSuji\Request::verify() expects at most 2 parameters, 5 given in /home/yujiro/phpext/hitSuji/examples/request.php on line 26
[10-Feb-2015 18:48:18 Asia/Tokyo] PHP Stack trace:
[10-Feb-2015 18:48:18 Asia/Tokyo] PHP   1. {main}() /home/yujiro/phpext/hitSuji/examples/request.php:0
[10-Feb-2015 18:48:18 Asia/Tokyo] PHP   2. hitSuji\Request->verify() /home/yujiro/phpext/hitSuji/examples/request.php:26
[11-Feb-2015 21:05:39 Asia/Tokyo] PHP Fatal error:  Couldn't find implementation for method hitSuji::makeNonce in Unknown on line 0
[11-Feb-2015 21:05:39 Asia/Tokyo] PHP Stack trace:
[11-Feb-2015 21:05:39 Asia/Tokyo] PHP   1. {main}() /home/yujiro/phpext/hitSuji/examples/delegate.php:0
[11-Feb-2015 21:05:39 Asia/Tokyo] PHP   2. hitSuji\Delegate->verifyNonce() /home/yujiro/phpext/hitSuji/examples/delegate.php:68
[11-Feb-2015 21:10:32 Asia/Tokyo] PHP Fatal error:  Couldn't find implementation for method hitSuji::makeNonce in Unknown on line 0
[11-Feb-2015 21:10:32 Asia/Tokyo] PHP Stack trace:
[11-Feb-2015 21:10:32 Asia/Tokyo] PHP   1. {main}() /home/yujiro/phpext/hitSuji/examples/delegate.php:0
[11-Feb-2015 21:10:32 Asia/Tokyo] PHP   2. hitSuji\Delegate->verifyNonce() /home/yujiro/phpext/hitSuji/examples/delegate.php:68
[11-Feb-2015 21:12:20 Asia/Tokyo] PHP Warning:  String is not zero-terminated (ZZZZZZZZZZZ(}úñ) (source: /tmp/php-build/source/5.6.5-debug/Zend/zend_execute.h:79) in /home/yujiro/phpext/hitSuji/examples/delegate.php on line 68
[11-Feb-2015 21:12:20 Asia/Tokyo] PHP Stack trace:
[11-Feb-2015 21:12:20 Asia/Tokyo] PHP   1. {main}() /home/yujiro/phpext/hitSuji/examples/delegate.php:0
[11-Feb-2015 21:12:20 Asia/Tokyo] PHP   2. hitSuji\Delegate->verifyNonce() /home/yujiro/phpext/hitSuji/examples/delegate.php:68
[11-Feb-2015 21:13:45 Asia/Tokyo] PHP Fatal error:  Couldn't find implementation for method hitSuji::makeNonce in Unknown on line 0
[11-Feb-2015 21:13:45 Asia/Tokyo] PHP Stack trace:
[11-Feb-2015 21:13:45 Asia/Tokyo] PHP   1. {main}() /home/yujiro/phpext/hitSuji/examples/delegate.php:0
[11-Feb-2015 21:13:45 Asia/Tokyo] PHP   2. hitSuji\Delegate->verifyNonce() /home/yujiro/phpext/hitSuji/examples/delegate.php:68
[11-Feb-2015 22:16:54 Asia/Tokyo] PHP Fatal error:  Couldn't find implementation for method hitSuji::makeNonce in Unknown on line 0
[11-Feb-2015 22:16:54 Asia/Tokyo] PHP Stack trace:
[11-Feb-2015 22:16:54 Asia/Tokyo] PHP   1. {main}() /home/yujiro/phpext/hitSuji/examples/delegate.php:0
[11-Feb-2015 22:16:54 Asia/Tokyo] PHP   2. hitSuji\Delegate->verifyNonce() /home/yujiro/phpext/hitSuji/examples/delegate.php:68
[11-Feb-2015 23:11:47 Asia/Tokyo] PHP Warning:  hitSuji\Delegate::binds() expects parameter 1 to be array, null given in /home/yujiro/phpext/hitSuji/examples/delegate.php on line 82
[11-Feb-2015 23:11:47 Asia/Tokyo] PHP Stack trace:
[11-Feb-2015 23:11:47 Asia/Tokyo] PHP   1. {main}() /home/yujiro/phpext/hitSuji/examples/delegate.php:0
[11-Feb-2015 23:11:47 Asia/Tokyo] PHP   2. hitSuji\Delegate->binds() /home/yujiro/phpext/hitSuji/examples/delegate.php:82
[12-Feb-2015 00:59:35 Asia/Tokyo] PHP Fatal error:  Couldn't find implementation for method hitSuji\Delegate::fireParse in Unknown on line 0
[12-Feb-2015 00:59:35 Asia/Tokyo] PHP Stack trace:
[12-Feb-2015 00:59:35 Asia/Tokyo] PHP   1. {main}() /home/yujiro/phpext/hitSuji/examples/delegate.php:0
[12-Feb-2015 00:59:35 Asia/Tokyo] PHP   2. hitSuji\Delegate->run() /home/yujiro/phpext/hitSuji/examples/delegate.php:82
[12-Feb-2015 01:00:45 Asia/Tokyo] PHP Fatal error:  Couldn't find implementation for method hitSuji\Delegate::fireParse in Unknown on line 0
[12-Feb-2015 01:00:45 Asia/Tokyo] PHP Stack trace:
[12-Feb-2015 01:00:45 Asia/Tokyo] PHP   1. {main}() /home/yujiro/phpext/hitSuji/examples/delegate.php:0
[12-Feb-2015 01:00:45 Asia/Tokyo] PHP   2. hitSuji\Delegate->run() /home/yujiro/phpext/hitSuji/examples/delegate.php:82
[12-Feb-2015 01:01:01 Asia/Tokyo] PHP Fatal error:  Couldn't find implementation for method hitSuji\Delegate::fireParse in Unknown on line 0
[12-Feb-2015 01:01:01 Asia/Tokyo] PHP Stack trace:
[12-Feb-2015 01:01:01 Asia/Tokyo] PHP   1. {main}() /home/yujiro/phpext/hitSuji/examples/delegate.php:0
[12-Feb-2015 01:01:01 Asia/Tokyo] PHP   2. hitSuji\Delegate->run() /home/yujiro/phpext/hitSuji/examples/delegate.php:82
[12-Feb-2015 01:39:26 Asia/Tokyo] PHP Warning:  String is not zero-terminated (ZZZZZZZZ—ð·—ð·) (source: /tmp/php-build/source/5.6.5-debug/Zend/zend_execute.h:79) in Unknown on line 0
[12-Feb-2015 12:44:12 Asia/Tokyo] PHP Fatal error:  Allowed memory size of 134217728 bytes exhausted (tried to allocate 1869769067 bytes) in /home/yujiro/phpext/hitSuji/examples/skel/bootstrap.php on line 144
[12-Feb-2015 12:44:12 Asia/Tokyo] PHP Stack trace:
[12-Feb-2015 12:44:12 Asia/Tokyo] PHP   1. {main}() /home/yujiro/phpext/hitSuji/examples/hitsuji.php:0
[12-Feb-2015 12:44:12 Asia/Tokyo] PHP   2. include() /home/yujiro/phpext/hitSuji/examples/hitsuji.php:22
[12-Feb-2015 12:44:12 Asia/Tokyo] PHP   3. hitSuji::bootstrap() /home/yujiro/phpext/hitSuji/examples/skel/bootstrap.php:144
[12-Feb-2015 12:44:12 Asia/Tokyo] PHP   4. hitSuji->__construct() /home/yujiro/phpext/hitSuji/examples/skel/bootstrap.php:144
[12-Feb-2015 12:55:31 Asia/Tokyo] PHP Warning:  String is not zero-terminated (ZZZZZZZZZZZZZZZZZZZZZZZZZZZZZZZZZZZZZZZZZZZZZZZZZZZZZBñzbñzb) (source: /tmp/php-build/source/5.6.5-debug/Zend/zend_execute.h:79) in Unknown on line 0
[12-Feb-2015 12:55:31 Asia/Tokyo] PHP Stack trace:
[12-Feb-2015 12:55:31 Asia/Tokyo] PHP   1. hitSuji->__destruct() UNKNOWN?:0
[12-Feb-2015 13:21:32 Asia/Tokyo] PHP Warning:  String is not zero-terminated (ZZZZZZZZZZZZZZZZZZZZZZZZZZZZZZZZZZZZZZZZZZZZZZZZZZZZZ„o‡Öo‡Ö) (source: /tmp/php-build/source/5.6.5-debug/Zend/zend_execute.h:79) in Unknown on line 0
[12-Feb-2015 13:21:32 Asia/Tokyo] PHP Stack trace:
[12-Feb-2015 13:21:32 Asia/Tokyo] PHP   1. hitSuji->__destruct() UNKNOWN?:0
[12-Feb-2015 13:22:15 Asia/Tokyo] PHP Warning:  String is not zero-terminated (ZZZZZZZZZZZZZZZZZZZZZZZZZZZZZZZZZZZZZZZZZZZZZZZZZZZZZ´¡˜¬¡˜¬) (source: /tmp/php-build/source/5.6.5-debug/Zend/zend_execute.h:79) in Unknown on line 0
[12-Feb-2015 13:22:15 Asia/Tokyo] PHP Stack trace:
[12-Feb-2015 13:22:15 Asia/Tokyo] PHP   1. hitSuji->__destruct() UNKNOWN?:0
[12-Feb-2015 13:28:36 Asia/Tokyo] PHP Warning:  String is not zero-terminated (ZZZZZZZZZZZZZZZZZZZZZZZZZZZZZZZZZZZZZZZZZZZZZZZZZZZZZßFgÒFgÒ) (source: /tmp/php-build/source/5.6.5-debug/Zend/zend_execute.h:79) in Unknown on line 0
[12-Feb-2015 13:28:36 Asia/Tokyo] PHP Stack trace:
[12-Feb-2015 13:28:36 Asia/Tokyo] PHP   1. hitSuji->__destruct() UNKNOWN?:0
[12-Feb-2015 13:30:45 Asia/Tokyo] PHP Warning:  String is not zero-terminated (ZZZZZZZZZZZZZZZZZZZZZZZZZZZZZZZZZZZZZZZZZZZZZZZZZZZZZ-zUÜzUÜ) (source: /tmp/php-build/source/5.6.5-debug/Zend/zend_execute.h:79) in Unknown on line 0
[12-Feb-2015 13:30:45 Asia/Tokyo] PHP Stack trace:
[12-Feb-2015 13:30:45 Asia/Tokyo] PHP   1. hitSuji->__destruct() UNKNOWN?:0
[12-Feb-2015 13:32:45 Asia/Tokyo] PHP Warning:  String is not zero-terminated (ZZZZZZZZZZZZZZZZZZZZZZZZZZZZZZZZZZZZZZZZZZZZZZZZZZZZZœà'Ïà'Ï) (source: /tmp/php-build/source/5.6.5-debug/Zend/zend_execute.h:79) in Unknown on line 0
[12-Feb-2015 13:32:45 Asia/Tokyo] PHP Stack trace:
[12-Feb-2015 13:32:45 Asia/Tokyo] PHP   1. hitSuji->__destruct() UNKNOWN?:0
[12-Feb-2015 13:33:37 Asia/Tokyo] PHP Warning:  String is not zero-terminated (ZZZZZZZZZZZZZZZZZZZZZZZZZZZZZZZZZZZZZZZZZZZZZZZZZZZZZèa°èa°) (source: /tmp/php-build/source/5.6.5-debug/Zend/zend_execute.h:79) in Unknown on line 0
[12-Feb-2015 13:33:37 Asia/Tokyo] PHP Stack trace:
[12-Feb-2015 13:33:37 Asia/Tokyo] PHP   1. hitSuji->__destruct() UNKNOWN?:0
[12-Feb-2015 14:15:25 Asia/Tokyo] PHP Warning:  array_map(): Argument #2 should be an array in /home/yujiro/phpext/hitSuji/examples/delegate.php on line 43
[12-Feb-2015 14:15:25 Asia/Tokyo] PHP Stack trace:
[12-Feb-2015 14:15:25 Asia/Tokyo] PHP   1. {main}() /home/yujiro/phpext/hitSuji/examples/delegate.php:0
[12-Feb-2015 14:15:25 Asia/Tokyo] PHP   2. hitSuji\Delegate->run() /home/yujiro/phpext/hitSuji/examples/delegate.php:82
[12-Feb-2015 14:15:25 Asia/Tokyo] PHP   3. {closure:/home/yujiro/phpext/hitSuji/examples/delegate.php:41-44}() /home/yujiro/phpext/hitSuji/examples/delegate.php:82
[12-Feb-2015 14:15:25 Asia/Tokyo] PHP   4. array_map() /home/yujiro/phpext/hitSuji/examples/delegate.php:43
[12-Feb-2015 14:15:25 Asia/Tokyo] PHP Warning:  array_map(): Argument #2 should be an array in /home/yujiro/phpext/hitSuji/examples/delegate.php on line 47
[12-Feb-2015 14:15:25 Asia/Tokyo] PHP Stack trace:
[12-Feb-2015 14:15:25 Asia/Tokyo] PHP   1. {main}() /home/yujiro/phpext/hitSuji/examples/delegate.php:0
[12-Feb-2015 14:15:25 Asia/Tokyo] PHP   2. hitSuji\Delegate->run() /home/yujiro/phpext/hitSuji/examples/delegate.php:82
[12-Feb-2015 14:15:25 Asia/Tokyo] PHP   3. {closure:/home/yujiro/phpext/hitSuji/examples/delegate.php:45-48}() /home/yujiro/phpext/hitSuji/examples/delegate.php:82
[12-Feb-2015 14:15:25 Asia/Tokyo] PHP   4. array_map() /home/yujiro/phpext/hitSuji/examples/delegate.php:47
[12-Feb-2015 14:19:32 Asia/Tokyo] PHP Warning:  array_map(): Argument #2 should be an array in /home/yujiro/phpext/hitSuji/examples/delegate.php on line 93
[12-Feb-2015 14:19:32 Asia/Tokyo] PHP Stack trace:
[12-Feb-2015 14:19:32 Asia/Tokyo] PHP   1. {main}() /home/yujiro/phpext/hitSuji/examples/delegate.php:0
[12-Feb-2015 14:19:32 Asia/Tokyo] PHP   2. hitSuji\Delegate->run() /home/yujiro/phpext/hitSuji/examples/delegate.php:104
[12-Feb-2015 14:19:32 Asia/Tokyo] PHP   3. {closure:/home/yujiro/phpext/hitSuji/examples/delegate.php:91-94}() /home/yujiro/phpext/hitSuji/examples/delegate.php:104
[12-Feb-2015 14:19:32 Asia/Tokyo] PHP   4. array_map() /home/yujiro/phpext/hitSuji/examples/delegate.php:93
[12-Feb-2015 14:20:58 Asia/Tokyo] PHP Warning:  array_map(): Argument #2 should be an array in /home/yujiro/phpext/hitSuji/examples/delegate.php on line 93
[12-Feb-2015 14:20:58 Asia/Tokyo] PHP Stack trace:
[12-Feb-2015 14:20:58 Asia/Tokyo] PHP   1. {main}() /home/yujiro/phpext/hitSuji/examples/delegate.php:0
[12-Feb-2015 14:20:58 Asia/Tokyo] PHP   2. hitSuji\Delegate->run() /home/yujiro/phpext/hitSuji/examples/delegate.php:104
[12-Feb-2015 14:20:58 Asia/Tokyo] PHP   3. {closure:/home/yujiro/phpext/hitSuji/examples/delegate.php:91-94}() /home/yujiro/phpext/hitSuji/examples/delegate.php:104
[12-Feb-2015 14:20:58 Asia/Tokyo] PHP   4. array_map() /home/yujiro/phpext/hitSuji/examples/delegate.php:93
[12-Feb-2015 14:21:37 Asia/Tokyo] PHP Warning:  array_map(): Argument #2 should be an array in /home/yujiro/phpext/hitSuji/examples/delegate.php on line 93
[12-Feb-2015 14:21:37 Asia/Tokyo] PHP Stack trace:
[12-Feb-2015 14:21:37 Asia/Tokyo] PHP   1. {main}() /home/yujiro/phpext/hitSuji/examples/delegate.php:0
[12-Feb-2015 14:21:37 Asia/Tokyo] PHP   2. hitSuji\Delegate->run() /home/yujiro/phpext/hitSuji/examples/delegate.php:104
[12-Feb-2015 14:21:37 Asia/Tokyo] PHP   3. {closure:/home/yujiro/phpext/hitSuji/examples/delegate.php:91-94}() /home/yujiro/phpext/hitSuji/examples/delegate.php:104
[12-Feb-2015 14:21:37 Asia/Tokyo] PHP   4. array_map() /home/yujiro/phpext/hitSuji/examples/delegate.php:93
[12-Feb-2015 14:23:19 Asia/Tokyo] PHP Warning:  array_map(): Argument #2 should be an array in /home/yujiro/phpext/hitSuji/examples/delegate.php on line 93
[12-Feb-2015 14:23:19 Asia/Tokyo] PHP Stack trace:
[12-Feb-2015 14:23:19 Asia/Tokyo] PHP   1. {main}() /home/yujiro/phpext/hitSuji/examples/delegate.php:0
[12-Feb-2015 14:23:19 Asia/Tokyo] PHP   2. hitSuji\Delegate->run() /home/yujiro/phpext/hitSuji/examples/delegate.php:104
[12-Feb-2015 14:23:19 Asia/Tokyo] PHP   3. {closure:/home/yujiro/phpext/hitSuji/examples/delegate.php:91-94}() /home/yujiro/phpext/hitSuji/examples/delegate.php:104
[12-Feb-2015 14:23:19 Asia/Tokyo] PHP   4. array_map() /home/yujiro/phpext/hitSuji/examples/delegate.php:93
[12-Feb-2015 14:23:25 Asia/Tokyo] PHP Warning:  array_map(): Argument #2 should be an array in /home/yujiro/phpext/hitSuji/examples/delegate.php on line 93
[12-Feb-2015 14:23:25 Asia/Tokyo] PHP Stack trace:
[12-Feb-2015 14:23:25 Asia/Tokyo] PHP   1. {main}() /home/yujiro/phpext/hitSuji/examples/delegate.php:0
[12-Feb-2015 14:23:25 Asia/Tokyo] PHP   2. hitSuji\Delegate->run() /home/yujiro/phpext/hitSuji/examples/delegate.php:104
[12-Feb-2015 14:23:25 Asia/Tokyo] PHP   3. {closure:/home/yujiro/phpext/hitSuji/examples/delegate.php:91-94}() /home/yujiro/phpext/hitSuji/examples/delegate.php:104
[12-Feb-2015 14:23:25 Asia/Tokyo] PHP   4. array_map() /home/yujiro/phpext/hitSuji/examples/delegate.php:93
[12-Feb-2015 14:25:35 Asia/Tokyo] PHP Warning:  array_map(): Argument #2 should be an array in /home/yujiro/phpext/hitSuji/examples/delegate.php on line 93
[12-Feb-2015 14:25:35 Asia/Tokyo] PHP Stack trace:
[12-Feb-2015 14:25:35 Asia/Tokyo] PHP   1. {main}() /home/yujiro/phpext/hitSuji/examples/delegate.php:0
[12-Feb-2015 14:25:35 Asia/Tokyo] PHP   2. hitSuji\Delegate->run() /home/yujiro/phpext/hitSuji/examples/delegate.php:104
[12-Feb-2015 14:25:35 Asia/Tokyo] PHP   3. {closure:/home/yujiro/phpext/hitSuji/examples/delegate.php:91-94}() /home/yujiro/phpext/hitSuji/examples/delegate.php:104
[12-Feb-2015 14:25:35 Asia/Tokyo] PHP   4. array_map() /home/yujiro/phpext/hitSuji/examples/delegate.php:93
[12-Feb-2015 16:49:12 Asia/Tokyo] PHP Warning:  Missing argument 2 for {closure}() in /home/yujiro/phpext/hitSuji/examples/delegate.php on line 67
[12-Feb-2015 16:49:12 Asia/Tokyo] PHP Stack trace:
[12-Feb-2015 16:49:12 Asia/Tokyo] PHP   1. {main}() /home/yujiro/phpext/hitSuji/examples/delegate.php:0
[12-Feb-2015 16:49:12 Asia/Tokyo] PHP   2. hitSuji\Delegate->fireFail() /home/yujiro/phpext/hitSuji/examples/delegate.php:75
[12-Feb-2015 16:49:12 Asia/Tokyo] PHP   3. {closure:/home/yujiro/phpext/hitSuji/examples/delegate.php:67-71}() /home/yujiro/phpext/hitSuji/examples/delegate.php:75
[12-Feb-2015 16:49:12 Asia/Tokyo] PHP Notice:  Undefined variable: fails in /home/yujiro/phpext/hitSuji/examples/delegate.php on line 70
[12-Feb-2015 16:49:12 Asia/Tokyo] PHP Stack trace:
[12-Feb-2015 16:49:12 Asia/Tokyo] PHP   1. {main}() /home/yujiro/phpext/hitSuji/examples/delegate.php:0
[12-Feb-2015 16:49:12 Asia/Tokyo] PHP   2. hitSuji\Delegate->fireFail() /home/yujiro/phpext/hitSuji/examples/delegate.php:75
[12-Feb-2015 16:49:12 Asia/Tokyo] PHP   3. {closure:/home/yujiro/phpext/hitSuji/examples/delegate.php:67-71}() /home/yujiro/phpext/hitSuji/examples/delegate.php:75
[12-Feb-2015 17:11:54 Asia/Tokyo] PHP Warning:  String is not zero-terminated ((null)) (source: /tmp/php-build/source/5.6.5-debug/Zend/zend.c:334) in /home/yujiro/phpext/hitSuji/examples/delegate.php on line 102
[12-Feb-2015 17:11:54 Asia/Tokyo] PHP Stack trace:
[12-Feb-2015 17:11:54 Asia/Tokyo] PHP   1. {main}() /home/yujiro/phpext/hitSuji/examples/delegate.php:0
[12-Feb-2015 17:11:54 Asia/Tokyo] PHP   2. hitSuji\Delegate->run() /home/yujiro/phpext/hitSuji/examples/delegate.php:105
[12-Feb-2015 17:11:54 Asia/Tokyo] PHP   3. {closure:/home/yujiro/phpext/hitSuji/examples/delegate.php:100-103}() /home/yujiro/phpext/hitSuji/examples/delegate.php:105
[12-Feb-2015 17:11:54 Asia/Tokyo] PHP   4. print_r() /home/yujiro/phpext/hitSuji/examples/delegate.php:102
[12-Feb-2015 17:12:22 Asia/Tokyo] PHP Warning:  String is not zero-terminated ((null)) (source: /tmp/php-build/source/5.6.5-debug/Zend/zend.c:334) in /home/yujiro/phpext/hitSuji/examples/delegate.php on line 102
[12-Feb-2015 17:12:22 Asia/Tokyo] PHP Stack trace:
[12-Feb-2015 17:12:22 Asia/Tokyo] PHP   1. {main}() /home/yujiro/phpext/hitSuji/examples/delegate.php:0
[12-Feb-2015 17:12:22 Asia/Tokyo] PHP   2. hitSuji\Delegate->run() /home/yujiro/phpext/hitSuji/examples/delegate.php:105
[12-Feb-2015 17:12:22 Asia/Tokyo] PHP   3. {closure:/home/yujiro/phpext/hitSuji/examples/delegate.php:100-103}() /home/yujiro/phpext/hitSuji/examples/delegate.php:105
[12-Feb-2015 17:12:22 Asia/Tokyo] PHP   4. print_r() /home/yujiro/phpext/hitSuji/examples/delegate.php:102
[12-Feb-2015 17:13:36 Asia/Tokyo] PHP Warning:  String is not zero-terminated ((null)) (source: /tmp/php-build/source/5.6.5-debug/Zend/zend.c:334) in /home/yujiro/phpext/hitSuji/examples/delegate.php on line 102
[12-Feb-2015 17:13:36 Asia/Tokyo] PHP Stack trace:
[12-Feb-2015 17:13:36 Asia/Tokyo] PHP   1. {main}() /home/yujiro/phpext/hitSuji/examples/delegate.php:0
[12-Feb-2015 17:13:36 Asia/Tokyo] PHP   2. hitSuji\Delegate->run() /home/yujiro/phpext/hitSuji/examples/delegate.php:105
[12-Feb-2015 17:13:36 Asia/Tokyo] PHP   3. {closure:/home/yujiro/phpext/hitSuji/examples/delegate.php:100-103}() /home/yujiro/phpext/hitSuji/examples/delegate.php:105
[12-Feb-2015 17:13:36 Asia/Tokyo] PHP   4. print_r() /home/yujiro/phpext/hitSuji/examples/delegate.php:102
